{"D:\\typescript-unitTest\\merge.ts": {"path":"D:\\typescript-unitTest\\merge.ts","statementMap":{"0":{"start":{"line":2,"column":33},"end":{"line":2,"column":35}},"1":{"start":{"line":3,"column":12},"end":{"line":3,"column":13}},"2":{"start":{"line":3,"column":19},"end":{"line":3,"column":20}},"3":{"start":{"line":3,"column":26},"end":{"line":3,"column":49}},"4":{"start":{"line":4,"column":4},"end":{"line":20,"column":7}},"5":{"start":{"line":5,"column":25},"end":{"line":5,"column":52}},"6":{"start":{"line":6,"column":25},"end":{"line":6,"column":52}},"7":{"start":{"line":7,"column":25},"end":{"line":7,"column":40}},"8":{"start":{"line":9,"column":22},"end":{"line":9,"column":60}},"9":{"start":{"line":11,"column":8},"end":{"line":17,"column":9}},"10":{"start":{"line":12,"column":10},"end":{"line":12,"column":14}},"11":{"start":{"line":13,"column":15},"end":{"line":17,"column":9}},"12":{"start":{"line":14,"column":10},"end":{"line":14,"column":14}},"13":{"start":{"line":16,"column":10},"end":{"line":16,"column":14}},"14":{"start":{"line":19,"column":8},"end":{"line":19,"column":31}},"15":{"start":{"line":21,"column":4},"end":{"line":21,"column":22}},"16":{"start":{"line":1,"column":0},"end":{"line":1,"column":16}}},"fnMap":{"0":{"name":"merge","decl":{"start":{"line":1,"column":16},"end":{"line":1,"column":21}},"loc":{"start":{"line":1,"column":92},"end":{"line":22,"column":1}}}},"branchMap":{"0":{"loc":{"start":{"line":4,"column":11},"end":{"line":4,"column":71}},"type":"binary-expr","locations":[{"start":{"line":4,"column":11},"end":{"line":4,"column":34}},{"start":{"line":4,"column":38},"end":{"line":4,"column":61}},{"start":{"line":4,"column":65},"end":{"line":4,"column":71}}]},"1":{"loc":{"start":{"line":5,"column":25},"end":{"line":5,"column":52}},"type":"binary-expr","locations":[{"start":{"line":5,"column":25},"end":{"line":5,"column":40}},{"start":{"line":5,"column":44},"end":{"line":5,"column":52}}]},"2":{"loc":{"start":{"line":6,"column":25},"end":{"line":6,"column":52}},"type":"binary-expr","locations":[{"start":{"line":6,"column":25},"end":{"line":6,"column":40}},{"start":{"line":6,"column":44},"end":{"line":6,"column":52}}]},"3":{"loc":{"start":{"line":11,"column":8},"end":{"line":17,"column":9}},"type":"if","locations":[{"start":{"line":11,"column":8},"end":{"line":17,"column":9}},{"start":{"line":13,"column":15},"end":{"line":17,"column":9}}]},"4":{"loc":{"start":{"line":13,"column":15},"end":{"line":17,"column":9}},"type":"if","locations":[{"start":{"line":13,"column":15},"end":{"line":17,"column":9}},{"start":{"line":15,"column":15},"end":{"line":17,"column":9}}]}},"s":{"0":1,"1":1,"2":1,"3":1,"4":1,"5":12,"6":12,"7":12,"8":12,"9":12,"10":5,"11":7,"12":4,"13":3,"14":12,"15":1,"16":1},"f":{"0":1},"b":{"0":[13,2,2],"1":[12,1],"2":[12,2],"3":[5,7],"4":[4,3]}}
}
